Analysis & Synthesis report for TB_Control
Thu Oct 25 02:01:44 2018
Quartus II 64-Bit Version 13.0.1 Build 232 06/12/2013 Service Pack 1 SJ Web Edition


---------------------
; Table of Contents ;
---------------------
  1. Legal Notice
  2. Analysis & Synthesis Summary
  3. Analysis & Synthesis Settings
  4. Parallel Compilation
  5. Port Connectivity Checks: "Control:test_control"
  6. Elapsed Time Per Partition
  7. Analysis & Synthesis Messages



----------------
; Legal Notice ;
----------------
Copyright (C) 1991-2013 Altera Corporation
Your use of Altera Corporation's design tools, logic functions 
and other software and tools, and its AMPP partner logic 
functions, and any output files from any of the foregoing 
(including device programming or simulation files), and any 
associated documentation or information are expressly subject 
to the terms and conditions of the Altera Program License 
Subscription Agreement, Altera MegaCore Function License 
Agreement, or other applicable license agreement, including, 
without limitation, that your use is for the sole purpose of 
programming logic devices manufactured by Altera and sold by 
Altera or its authorized distributors.  Please refer to the 
applicable agreement for further details.



+--------------------------------------------------------------------------------------+
; Analysis & Synthesis Summary                                                         ;
+------------------------------------+-------------------------------------------------+
; Analysis & Synthesis Status        ; Failed - Thu Oct 25 02:01:44 2018               ;
; Quartus II 64-Bit Version          ; 13.0.1 Build 232 06/12/2013 SP 1 SJ Web Edition ;
; Revision Name                      ; TB_Control                                      ;
; Top-level Entity Name              ; TB_Control                                      ;
; Family                             ; Cyclone II                                      ;
; Total logic elements               ; N/A until Partition Merge                       ;
;     Total combinational functions  ; N/A until Partition Merge                       ;
;     Dedicated logic registers      ; N/A until Partition Merge                       ;
; Total registers                    ; N/A until Partition Merge                       ;
; Total pins                         ; N/A until Partition Merge                       ;
; Total virtual pins                 ; N/A until Partition Merge                       ;
; Total memory bits                  ; N/A until Partition Merge                       ;
; Embedded Multiplier 9-bit elements ; N/A until Partition Merge                       ;
; Total PLLs                         ; N/A until Partition Merge                       ;
+------------------------------------+-------------------------------------------------+


+----------------------------------------------------------------------------------------------------------------------+
; Analysis & Synthesis Settings                                                                                        ;
+----------------------------------------------------------------------------+--------------------+--------------------+
; Option                                                                     ; Setting            ; Default Value      ;
+----------------------------------------------------------------------------+--------------------+--------------------+
; Device                                                                     ; EP2C20F484C7       ;                    ;
; Top-level entity name                                                      ; TB_Control         ; TB_Control         ;
; Family name                                                                ; Cyclone II         ; Cyclone IV GX      ;
; Use smart compilation                                                      ; Off                ; Off                ;
; Enable parallel Assembler and TimeQuest Timing Analyzer during compilation ; On                 ; On                 ;
; Enable compact report table                                                ; Off                ; Off                ;
; Restructure Multiplexers                                                   ; Auto               ; Auto               ;
; Create Debugging Nodes for IP Cores                                        ; Off                ; Off                ;
; Preserve fewer node names                                                  ; On                 ; On                 ;
; Disable OpenCore Plus hardware evaluation                                  ; Off                ; Off                ;
; Verilog Version                                                            ; Verilog_2001       ; Verilog_2001       ;
; VHDL Version                                                               ; VHDL_1993          ; VHDL_1993          ;
; State Machine Processing                                                   ; Auto               ; Auto               ;
; Safe State Machine                                                         ; Off                ; Off                ;
; Extract Verilog State Machines                                             ; On                 ; On                 ;
; Extract VHDL State Machines                                                ; On                 ; On                 ;
; Ignore Verilog initial constructs                                          ; Off                ; Off                ;
; Iteration limit for constant Verilog loops                                 ; 5000               ; 5000               ;
; Iteration limit for non-constant Verilog loops                             ; 250                ; 250                ;
; Add Pass-Through Logic to Inferred RAMs                                    ; On                 ; On                 ;
; Infer RAMs from Raw Logic                                                  ; On                 ; On                 ;
; Parallel Synthesis                                                         ; On                 ; On                 ;
; DSP Block Balancing                                                        ; Auto               ; Auto               ;
; NOT Gate Push-Back                                                         ; On                 ; On                 ;
; Power-Up Don't Care                                                        ; On                 ; On                 ;
; Remove Redundant Logic Cells                                               ; Off                ; Off                ;
; Remove Duplicate Registers                                                 ; On                 ; On                 ;
; Ignore CARRY Buffers                                                       ; Off                ; Off                ;
; Ignore CASCADE Buffers                                                     ; Off                ; Off                ;
; Ignore GLOBAL Buffers                                                      ; Off                ; Off                ;
; Ignore ROW GLOBAL Buffers                                                  ; Off                ; Off                ;
; Ignore LCELL Buffers                                                       ; Off                ; Off                ;
; Ignore SOFT Buffers                                                        ; On                 ; On                 ;
; Limit AHDL Integers to 32 Bits                                             ; Off                ; Off                ;
; Optimization Technique                                                     ; Balanced           ; Balanced           ;
; Carry Chain Length                                                         ; 70                 ; 70                 ;
; Auto Carry Chains                                                          ; On                 ; On                 ;
; Auto Open-Drain Pins                                                       ; On                 ; On                 ;
; Perform WYSIWYG Primitive Resynthesis                                      ; Off                ; Off                ;
; Auto ROM Replacement                                                       ; On                 ; On                 ;
; Auto RAM Replacement                                                       ; On                 ; On                 ;
; Auto Shift Register Replacement                                            ; Auto               ; Auto               ;
; Allow Shift Register Merging across Hierarchies                            ; Auto               ; Auto               ;
; Auto Clock Enable Replacement                                              ; On                 ; On                 ;
; Strict RAM Replacement                                                     ; Off                ; Off                ;
; Allow Synchronous Control Signals                                          ; On                 ; On                 ;
; Force Use of Synchronous Clear Signals                                     ; Off                ; Off                ;
; Auto RAM to Logic Cell Conversion                                          ; Off                ; Off                ;
; Auto Resource Sharing                                                      ; Off                ; Off                ;
; Allow Any RAM Size For Recognition                                         ; Off                ; Off                ;
; Allow Any ROM Size For Recognition                                         ; Off                ; Off                ;
; Allow Any Shift Register Size For Recognition                              ; Off                ; Off                ;
; Use LogicLock Constraints during Resource Balancing                        ; On                 ; On                 ;
; Ignore translate_off and synthesis_off directives                          ; Off                ; Off                ;
; Timing-Driven Synthesis                                                    ; Off                ; Off                ;
; Report Parameter Settings                                                  ; On                 ; On                 ;
; Report Source Assignments                                                  ; On                 ; On                 ;
; Report Connectivity Checks                                                 ; On                 ; On                 ;
; Ignore Maximum Fan-Out Assignments                                         ; Off                ; Off                ;
; Synchronization Register Chain Length                                      ; 2                  ; 2                  ;
; PowerPlay Power Optimization                                               ; Normal compilation ; Normal compilation ;
; HDL message level                                                          ; Level2             ; Level2             ;
; Suppress Register Optimization Related Messages                            ; Off                ; Off                ;
; Number of Removed Registers Reported in Synthesis Report                   ; 5000               ; 5000               ;
; Number of Swept Nodes Reported in Synthesis Report                         ; 5000               ; 5000               ;
; Number of Inverted Registers Reported in Synthesis Report                  ; 100                ; 100                ;
; Clock MUX Protection                                                       ; On                 ; On                 ;
; Auto Gated Clock Conversion                                                ; Off                ; Off                ;
; Block Design Naming                                                        ; Auto               ; Auto               ;
; SDC constraint protection                                                  ; Off                ; Off                ;
; Synthesis Effort                                                           ; Auto               ; Auto               ;
; Shift Register Replacement - Allow Asynchronous Clear Signal               ; On                 ; On                 ;
; Pre-Mapping Resynthesis Optimization                                       ; Off                ; Off                ;
; Analysis & Synthesis Message Level                                         ; Medium             ; Medium             ;
; Disable Register Merging Across Hierarchies                                ; Auto               ; Auto               ;
; Resource Aware Inference For Block RAM                                     ; On                 ; On                 ;
; Synthesis Seed                                                             ; 1                  ; 1                  ;
+----------------------------------------------------------------------------+--------------------+--------------------+


Parallel compilation was disabled, but you have multiple processors available. Enable parallel compilation to reduce compilation time.
+-------------------------------------+
; Parallel Compilation                ;
+----------------------------+--------+
; Processors                 ; Number ;
+----------------------------+--------+
; Number detected on machine ; 4      ;
; Maximum allowed            ; 1      ;
+----------------------------+--------+


+--------------------------------------------------------------------------------------------------------------------+
; Port Connectivity Checks: "Control:test_control"                                                                   ;
+----------+--------+----------+-------------------------------------------------------------------------------------+
; Port     ; Type   ; Severity ; Details                                                                             ;
+----------+--------+----------+-------------------------------------------------------------------------------------+
; branch   ; Output ; Info     ; Connected to dangling logic. Logic that only feeds a dangling port will be removed. ;
; pcwrite  ; Output ; Info     ; Connected to dangling logic. Logic that only feeds a dangling port will be removed. ;
; iord     ; Output ; Info     ; Connected to dangling logic. Logic that only feeds a dangling port will be removed. ;
; memread  ; Output ; Info     ; Connected to dangling logic. Logic that only feeds a dangling port will be removed. ;
; memwrite ; Output ; Info     ; Connected to dangling logic. Logic that only feeds a dangling port will be removed. ;
; memtoreg ; Output ; Info     ; Connected to dangling logic. Logic that only feeds a dangling port will be removed. ;
; irwrite  ; Output ; Info     ; Connected to dangling logic. Logic that only feeds a dangling port will be removed. ;
; alusrca  ; Output ; Info     ; Connected to dangling logic. Logic that only feeds a dangling port will be removed. ;
; regwrite ; Output ; Info     ; Connected to dangling logic. Logic that only feeds a dangling port will be removed. ;
; regdst   ; Output ; Info     ; Connected to dangling logic. Logic that only feeds a dangling port will be removed. ;
; pcsrc    ; Output ; Info     ; Connected to dangling logic. Logic that only feeds a dangling port will be removed. ;
; aluop    ; Output ; Info     ; Connected to dangling logic. Logic that only feeds a dangling port will be removed. ;
; alusrcb  ; Output ; Info     ; Connected to dangling logic. Logic that only feeds a dangling port will be removed. ;
+----------+--------+----------+-------------------------------------------------------------------------------------+


+-------------------------------+
; Elapsed Time Per Partition    ;
+----------------+--------------+
; Partition Name ; Elapsed Time ;
+----------------+--------------+
; Top            ; 00:00:00     ;
+----------------+--------------+


+-------------------------------+
; Analysis & Synthesis Messages ;
+-------------------------------+
Info: *******************************************************************
Info: Running Quartus II 64-Bit Analysis & Synthesis
    Info: Version 13.0.1 Build 232 06/12/2013 Service Pack 1 SJ Web Edition
    Info: Processing started: Thu Oct 25 02:01:39 2018
Info: Command: quartus_map --read_settings_files=on --write_settings_files=off TB_Control -c TB_Control
Warning (20028): Parallel compilation is not licensed and has been disabled
Info (12021): Found 2 design units, including 1 entities, in source file /users/joseu/documents/procesador multiciclo/mipsmulticycle/multicycle/tb_control.vhd
    Info (12022): Found design unit 1: TB_Control-arch
    Info (12023): Found entity 1: TB_Control
Info (12021): Found 2 design units, including 1 entities, in source file /users/joseu/documents/procesador multiciclo/mipsmulticycle/multicycle/control.vhd
    Info (12022): Found design unit 1: Control-behavior
    Info (12023): Found entity 1: Control
Info (12127): Elaborating entity "TB_Control" for the top level hierarchy
Warning (10541): VHDL Signal Declaration warning at TB_Control.vhd(22): used implicit default value for signal "OP" because signal was never assigned a value or an explicit default value. Use of implicit default value may introduce unintended design optimizations.
Warning (10541): VHDL Signal Declaration warning at TB_Control.vhd(23): used implicit default value for signal "clk" because signal was never assigned a value or an explicit default value. Use of implicit default value may introduce unintended design optimizations.
Warning (10541): VHDL Signal Declaration warning at TB_Control.vhd(23): used implicit default value for signal "reset" because signal was never assigned a value or an explicit default value. Use of implicit default value may introduce unintended design optimizations.
Warning (10036): Verilog HDL or VHDL warning at TB_Control.vhd(24): object "Branch" assigned a value but never read
Warning (10036): Verilog HDL or VHDL warning at TB_Control.vhd(24): object "PCWrite" assigned a value but never read
Warning (10036): Verilog HDL or VHDL warning at TB_Control.vhd(24): object "IorD" assigned a value but never read
Warning (10036): Verilog HDL or VHDL warning at TB_Control.vhd(24): object "MemRead" assigned a value but never read
Warning (10036): Verilog HDL or VHDL warning at TB_Control.vhd(24): object "MemWrite" assigned a value but never read
Warning (10036): Verilog HDL or VHDL warning at TB_Control.vhd(24): object "MemtoReg" assigned a value but never read
Warning (10036): Verilog HDL or VHDL warning at TB_Control.vhd(24): object "IRWrite" assigned a value but never read
Warning (10036): Verilog HDL or VHDL warning at TB_Control.vhd(24): object "ALUSrcA" assigned a value but never read
Warning (10036): Verilog HDL or VHDL warning at TB_Control.vhd(24): object "RegWrite" assigned a value but never read
Warning (10036): Verilog HDL or VHDL warning at TB_Control.vhd(24): object "RegDst" assigned a value but never read
Warning (10036): Verilog HDL or VHDL warning at TB_Control.vhd(25): object "PCSrc" assigned a value but never read
Warning (10036): Verilog HDL or VHDL warning at TB_Control.vhd(25): object "ALUOp" assigned a value but never read
Warning (10036): Verilog HDL or VHDL warning at TB_Control.vhd(25): object "ALUSrcB" assigned a value but never read
Info (12128): Elaborating entity "Control" for hierarchy "Control:test_control"
Error (12061): Can't synthesize current design -- Top partition does not contain any logic
Error: Quartus II 64-Bit Analysis & Synthesis was unsuccessful. 1 error, 17 warnings
    Error: Peak virtual memory: 4648 megabytes
    Error: Processing ended: Thu Oct 25 02:01:45 2018
    Error: Elapsed time: 00:00:06
    Error: Total CPU time (on all processors): 00:00:01


